Current time : 12:45:41
List of all logged-in Users : 
system
run-level
LOGIN
LOGIN
pts/0
aubcls71
pts/2
aubcls61
aubjrk
aubtxe
ualprj
ualanv
asninstall
uabcls08
usasyb
aubcls93
ualdys
ualsxk
aubcls61
pts/15
pts/16
asninstall
asninstall
pts/19
asndcy
usacls07
aubkfj
pts/23
pts/24
pts/25
pts/26
pts/27
pts/28
pts/29
pts/30
pts/31
pts/32
pts/33
pts/34
pts/35
pts/36
pts/37
pts/38
pts/39
pts/40
pts/41
pts/42
pts/43
pts/44
pts/45
pts/46
pts/47
pts/48
pts/49
pts/50
Date: Wed Feb 26 12:45:41 CST 2020      Host:dmcvlogin4.asc.edu
System uptime : 
 12:45:41 up 49 days, 21:08, 18 users,  load average: 0.05, 0.07, 0.17

.
.
.


Current time : 13:45:44
List of all logged-in Users : 
system
LOGIN
run-level
aubrrb
uahkxc
pts/2
pts/3
uahpxb
ualprj
aubcls93
ualljq
aublmg
aubcls93
ualprj
aubcls157
aubmgt
aubcls98
pts/14
usadxh
uabcls03
pts/16
uahpxb
aubcls61
ualmab
ualpss
ualmab
ualcls30
aubmes
usatxz
pts/25
aubcls20
usasbh
usaafh
pts/29
pts/30
pts/31
pts/32
pts/33
pts/34
pts/35
pts/12
pts/36
pts/37
pts/38
pts/39
pts/40
pts/41
pts/42
Date: Wed Feb 26 13:45:44 CST 2020      Host:dmcvlogin2
System uptime : 
 13:45:44 up 70 days, 21:09, 25 users,  load average: 0.32, 0.43, 0.52
